#
# There is insufficient memory for the Java Runtime Environment to continue.
# Native memory allocation (mmap) failed to map 199229440 bytes for G1 virtual space
# Possible reasons:
#   The system is out of physical RAM or swap space
#   The process is running with CompressedOops enabled, and the Java Heap may be blocking the growth of the native heap
# Possible solutions:
#   Reduce memory load on the system
#   Increase physical memory or swap space
#   Check if swap backing store is full
#   Decrease Java heap size (-Xmx/-Xms)
#   Decrease number of Java threads
#   Decrease Java thread stack sizes (-Xss)
#   Set larger code cache with -XX:ReservedCodeCacheSize=
#   JVM is running with Zero Based Compressed Oops mode in which the Java heap is
#     placed in the first 32GB address space. The Java Heap base address is the
#     maximum limit for the native heap growth. Please use -XX:HeapBaseMinAddress
#     to set the Java Heap base and to place the Java Heap above 32GB virtual address.
# This output file may be truncated or incomplete.
#
#  Out of Memory Error (os_windows.cpp:3600), pid=20844, tid=14220
#
# JRE version:  (21.0.5+9) (build )
# Java VM: Java HotSpot(TM) 64-Bit Server VM (21.0.5+9-LTS-239, mixed mode, sharing, tiered, compressed oops, compressed class ptrs, g1 gc, windows-amd64)
# No core dump will be written. Minidumps are not enabled by default on client versions of Windows
#

---------------  S U M M A R Y ------------

Command Line: -Dnet.bytebuddy.agent.attacher.dump= net.bytebuddy.agent.Attacher com.sun.tools.attach.VirtualMachine 3264 C:\Users\markp\.m2\repository\net\bytebuddy\byte-buddy-agent\1.15.11\byte-buddy-agent-1.15.11.jar false 

Host: Intel(R) Pentium(R) CPU 6405U @ 2.40GHz, 4 cores, 11G,  Windows 10 , 64 bit Build 19041 (10.0.19041.5438)
Time: Fri Feb 21 21:24:44 2025 Malay Peninsula Standard Time elapsed time: 0.027134 seconds (0d 0h 0m 0s)

---------------  T H R E A D  ---------------

Current thread (0x0000013d29dd91a0):  JavaThread "Unknown thread" [_thread_in_vm, id=14220, stack(0x0000002de9300000,0x0000002de9400000) (1024K)]

Stack: [0x0000002de9300000,0x0000002de9400000]
Native frames: (J=compiled Java code, j=interpreted, Vv=VM code, C=native code)
V  [jvm.dll+0x6ca289]
V  [jvm.dll+0x854a51]
V  [jvm.dll+0x856f7e]
V  [jvm.dll+0x857653]
V  [jvm.dll+0x27dd26]
V  [jvm.dll+0x6c6a25]
V  [jvm.dll+0x6bb5aa]
V  [jvm.dll+0x35359a]
V  [jvm.dll+0x35b1f6]
V  [jvm.dll+0x3adade]
V  [jvm.dll+0x3add88]
V  [jvm.dll+0x3278fc]
V  [jvm.dll+0x32845b]
V  [jvm.dll+0x81de19]
V  [jvm.dll+0x3ba7c1]
V  [jvm.dll+0x807168]
V  [jvm.dll+0x44f96e]
V  [jvm.dll+0x451561]
C  [jli.dll+0x52a3]
C  [ucrtbase.dll+0x21bb2]
C  [KERNEL32.DLL+0x17374]
C  [ntdll.dll+0x4cc91]


---------------  P R O C E S S  ---------------

Threads class SMR info:
_java_thread_list=0x00007ffd0d18ac08, length=0, elements={
}

Java Threads: ( => current thread )
Total: 0

Other Threads:
  0x0000013d29f9b7e0 WorkerThread "GC Thread#0"                     [id=20244, stack(0x0000002de9400000,0x0000002de9500000) (1024K)]
  0x0000013d29fa8d50 ConcurrentGCThread "G1 Main Marker"            [id=14032, stack(0x0000002de9500000,0x0000002de9600000) (1024K)]
  0x0000013d29fa9a00 WorkerThread "G1 Conc#0"                       [id=19500, stack(0x0000002de9600000,0x0000002de9700000) (1024K)]

[error occurred during error reporting (printing all threads), id 0xc0000005, EXCEPTION_ACCESS_VIOLATION (0xc0000005) at pc=0x00007ffd0c8fa087]
VM state: not at safepoint (not fully initialized)

VM Mutex/Monitor currently owned by a thread:  ([mutex/lock_event])
[0x00007ffd0d1fbf98] Heap_lock - owner thread: 0x0000013d29dd91a0

Heap address: 0x0000000742800000, size: 3032 MB, Compressed Oops mode: Zero based, Oop shift amount: 3

CDS archive(s) mapped at: [0x0000000000000000-0x0000000000000000-0x0000000000000000), size 0, SharedBaseAddress: 0x0000000800000000, ArchiveRelocationMode: 1.
Narrow klass base: 0x0000000000000000, Narrow klass shift: 0, Narrow klass range: 0x0

GC Precious Log:
 CardTable entry size: 512
 Card Set container configuration: InlinePtr #cards 4 size 8 Array Of Cards #cards 16 size 48 Howl #buckets 8 coarsen threshold 3686 Howl Bitmap #cards 512 size 80 coarsen threshold 460 Card regions per heap region 1 cards per card region 4096

Heap:
 garbage-first heap   total 0K, used 0K [0x0000000742800000, 0x0000000800000000)
  region size 2048K, 0 young (0K), 0 survivors (0K)

[error occurred during error reporting (printing heap information), id 0xc0000005, EXCEPTION_ACCESS_VIOLATION (0xc0000005) at pc=0x00007ffd0cce3259]
GC Heap History (0 events):
No events

Dll operation events (1 events):
Event: 0.017 Loaded shared library C:\Program Files\Java\jdk-21\bin\java.dll

Deoptimization events (0 events):
No events

Classes loaded (0 events):
No events

Classes unloaded (0 events):
No events

Classes redefined (0 events):
No events

Internal exceptions (0 events):
No events

ZGC Phase Switch (0 events):
No events

VM Operations (0 events):
No events

Events (0 events):
No events


Dynamic libraries:
0x00007ff6c0f90000 - 0x00007ff6c0fa0000 	C:\Program Files\Java\jdk-21\bin\java.exe
0x00007ffd34a70000 - 0x00007ffd34c68000 	C:\WINDOWS\SYSTEM32\ntdll.dll
0x00007ffd348d0000 - 0x00007ffd34992000 	C:\WINDOWS\System32\KERNEL32.DLL
0x00007ffd323a0000 - 0x00007ffd3269f000 	C:\WINDOWS\System32\KERNELBASE.dll
0x00007ffd32210000 - 0x00007ffd32310000 	C:\WINDOWS\System32\ucrtbase.dll
0x00007ffd21100000 - 0x00007ffd21119000 	C:\Program Files\Java\jdk-21\bin\jli.dll
0x00007ffd332b0000 - 0x00007ffd3335f000 	C:\WINDOWS\System32\ADVAPI32.dll
0x00007ffd33f50000 - 0x00007ffd33fee000 	C:\WINDOWS\System32\msvcrt.dll
0x00007ffd34810000 - 0x00007ffd348af000 	C:\WINDOWS\System32\sechost.dll
0x00007ffd33360000 - 0x00007ffd33483000 	C:\WINDOWS\System32\RPCRT4.dll
0x00007ffd32940000 - 0x00007ffd32967000 	C:\WINDOWS\System32\bcrypt.dll
0x00007ffd34540000 - 0x00007ffd346dd000 	C:\WINDOWS\System32\USER32.dll
0x00007ffd326a0000 - 0x00007ffd326c2000 	C:\WINDOWS\System32\win32u.dll
0x00007ffd34a00000 - 0x00007ffd34a2b000 	C:\WINDOWS\System32\GDI32.dll
0x00007ffd2d520000 - 0x00007ffd2d53b000 	C:\Program Files\Java\jdk-21\bin\VCRUNTIME140.dll
0x00007ffd32970000 - 0x00007ffd32a8a000 	C:\WINDOWS\System32\gdi32full.dll
0x00007ffd1fb10000 - 0x00007ffd1fdaa000 	C:\WINDOWS\WinSxS\amd64_microsoft.windows.common-controls_6595b64144ccf1df_6.0.19041.4355_none_60b8b9eb71f62e16\COMCTL32.dll
0x00007ffd32740000 - 0x00007ffd327dd000 	C:\WINDOWS\System32\msvcp_win.dll
0x00007ffd286f0000 - 0x00007ffd286fa000 	C:\WINDOWS\SYSTEM32\VERSION.dll
0x00007ffd335b0000 - 0x00007ffd335df000 	C:\WINDOWS\System32\IMM32.DLL
0x00007ffd2d6d0000 - 0x00007ffd2d6dc000 	C:\Program Files\Java\jdk-21\bin\vcruntime140_1.dll
0x00007ffd11a10000 - 0x00007ffd11a9e000 	C:\Program Files\Java\jdk-21\bin\msvcp140.dll
0x00007ffd0c5c0000 - 0x00007ffd0d2d8000 	C:\Program Files\Java\jdk-21\bin\server\jvm.dll
0x00007ffd33a80000 - 0x00007ffd33aeb000 	C:\WINDOWS\System32\WS2_32.dll
0x00007ffd31f70000 - 0x00007ffd31fbb000 	C:\WINDOWS\SYSTEM32\POWRPROF.dll
0x00007ffd1cd20000 - 0x00007ffd1cd47000 	C:\WINDOWS\SYSTEM32\WINMM.dll
0x00007ffd31f50000 - 0x00007ffd31f62000 	C:\WINDOWS\SYSTEM32\UMPDC.dll
0x00007ffd2ff90000 - 0x00007ffd2ffa2000 	C:\WINDOWS\SYSTEM32\kernel.appcore.dll
0x00007ffd2d650000 - 0x00007ffd2d65a000 	C:\Program Files\Java\jdk-21\bin\jimage.dll
0x00007ffd297b0000 - 0x00007ffd29994000 	C:\WINDOWS\SYSTEM32\DBGHELP.DLL
0x00007ffd0a8b0000 - 0x00007ffd0a8e4000 	C:\WINDOWS\SYSTEM32\dbgcore.DLL
0x00007ffd32310000 - 0x00007ffd32392000 	C:\WINDOWS\System32\bcryptPrimitives.dll
0x00007ffd1fe40000 - 0x00007ffd1fe5f000 	C:\Program Files\Java\jdk-21\bin\java.dll

dbghelp: loaded successfully - version: 4.0.5 - missing functions: none
symbol engine: initialized successfully - sym options: 0x614 - pdb path: .;C:\Program Files\Java\jdk-21\bin;C:\WINDOWS\SYSTEM32;C:\WINDOWS\WinSxS\amd64_microsoft.windows.common-controls_6595b64144ccf1df_6.0.19041.4355_none_60b8b9eb71f62e16;C:\Program Files\Java\jdk-21\bin\server

VM Arguments:
jvm_args: -Dnet.bytebuddy.agent.attacher.dump= 
java_command: net.bytebuddy.agent.Attacher com.sun.tools.attach.VirtualMachine 3264 C:\Users\markp\.m2\repository\net\bytebuddy\byte-buddy-agent\1.15.11\byte-buddy-agent-1.15.11.jar false 
java_class_path (initial): C:\Users\markp\.m2\repository\net\bytebuddy\byte-buddy-agent\1.15.11\byte-buddy-agent-1.15.11.jar
Launcher Type: SUN_STANDARD

[Global flags]
     intx CICompilerCount                          = 3                                         {product} {ergonomic}
     uint ConcGCThreads                            = 1                                         {product} {ergonomic}
     uint G1ConcRefinementThreads                  = 4                                         {product} {ergonomic}
   size_t G1HeapRegionSize                         = 2097152                                   {product} {ergonomic}
    uintx GCDrainStackTargetSize                   = 64                                        {product} {ergonomic}
   size_t InitialHeapSize                          = 199229440                                 {product} {ergonomic}
   size_t MarkStackSize                            = 4194304                                   {product} {ergonomic}
   size_t MaxHeapSize                              = 3179282432                                {product} {ergonomic}
   size_t MinHeapDeltaBytes                        = 2097152                                   {product} {ergonomic}
   size_t MinHeapSize                              = 8388608                                   {product} {ergonomic}
    uintx NonNMethodCodeHeapSize                   = 5832780                                {pd product} {ergonomic}
    uintx NonProfiledCodeHeapSize                  = 122912730                              {pd product} {ergonomic}
    uintx ProfiledCodeHeapSize                     = 122912730                              {pd product} {ergonomic}
    uintx ReservedCodeCacheSize                    = 251658240                              {pd product} {ergonomic}
     bool SegmentedCodeCache                       = true                                      {product} {ergonomic}
   size_t SoftMaxHeapSize                          = 3179282432                             {manageable} {ergonomic}
     bool UseCompressedOops                        = true                           {product lp64_product} {ergonomic}
     bool UseG1GC                                  = true                                      {product} {ergonomic}
     bool UseLargePagesIndividualAllocation        = false                                  {pd product} {ergonomic}

Logging:
Log output configuration:
 #0: stdout all=warning uptime,level,tags foldmultilines=false
 #1: stderr all=off uptime,level,tags foldmultilines=false

Environment Variables:
JAVA_HOME=C:\Program Files\Java\jdk-21
PATH=C:\Program Files\Common Files\Oracle\Java\javapath;C:\WINDOWS\system32;C:\WINDOWS;C:\WINDOWS\System32\Wbem;C:\WINDOWS\System32\WindowsPowerShell\v1.0\;C:\WINDOWS\System32\OpenSSH\;C:\Program Files\dotnet\;C:\Program Files\Calibre2\;C:\Program Files\Java\jdk-21\bin;C:\Users\markp\apache-maven-3.9.9\bin;C:\Program Files\Git\cmd;C:\Users\markp\AppData\Local\Microsoft\WindowsApps;C:\Users\markp\AppData\Local\Programs\Microsoft VS Code\bin;C:\Users\markp\apache-maven-3.9.9\bin;;C:\Program Files\JetBrains\IntelliJ IDEA Community Edition 2024.3.2.2\bin;
USERNAME=markp
OS=Windows_NT
PROCESSOR_IDENTIFIER=Intel64 Family 6 Model 142 Stepping 12, GenuineIntel
TMP=C:\Users\markp\AppData\Local\Temp
TEMP=C:\Users\markp\AppData\Local\Temp




Periodic native trim disabled

---------------  S Y S T E M  ---------------

OS:
 Windows 10 , 64 bit Build 19041 (10.0.19041.5438)
OS uptime: 5 days 0:46 hours

CPU: total 4 (initial active 4) (2 cores per cpu, 2 threads per core) family 6 model 142 stepping 12 microcode 0xf4, cx8, cmov, fxsr, ht, mmx, 3dnowpref, sse, sse2, sse3, ssse3, sse4.1, sse4.2, popcnt, lzcnt, tsc, tscinvbit, aes, erms, clmul, clflush, clflushopt, rdtscp
Processor Information for all 4 processors :
  Max Mhz: 2400, Current Mhz: 2400, Mhz Limit: 2400

Memory: 4k page, system-wide physical 12122M (502M free)
TotalPageFile size 27258M (AvailPageFile size 163M)
current process WorkingSet (physical memory assigned to process): 10M, peak: 10M
current process commit charge ("private bytes"): 51M, peak: 241M

vm_info: Java HotSpot(TM) 64-Bit Server VM (21.0.5+9-LTS-239) for windows-amd64 JRE (21.0.5+9-LTS-239), built on 2024-09-30T05:17:38Z by "mach5one" with MS VC++ 17.6 (VS2022)

END.
